C51 COMPILER V9.59.0.0   FOLLOW_LINE                                                       05/11/2020 19:43:19 PAGE 1   


C51 COMPILER V9.59.0.0, COMPILATION OF MODULE FOLLOW_LINE
OBJECT MODULE PLACED IN .\Objects\follow line.obj
COMPILER INVOKED BY: D:\keil\C51\BIN\C51.EXE follow line.c OPTIMIZE(8,SPEED) BROWSE DEBUG OBJECTEXTEND PRINT(.\Listings\
                    -follow line.lst) OBJECT(.\Objects\follow line.obj)

line level    source

   1          #include <STC89C5xRC.H>
   2          #define uint unsigned int
   3          
   4          sbit correct_right=P0^4;
   5          sbit correct_left=P0^7;
   6          sbit follow_right=P0^5;
   7          sbit follow_left=P0^6;
   8          bit follow_low;
   9          extern uint mode_flag;
  10          uint xj_distance;
  11          void Timer0_Init();
  12          void Delay1ms(unsigned int k);
  13          void back();
  14          void stop();
  15          void go();
  16          void local_left();
  17          void local_right();
  18          void Timer1_Init();
  19          int juli();
  20          void sonic_start();
  21          void follow_line()
  22          {
  23   1         Timer0_Init();
  24   1         Timer1_Init();
  25   1         follow_low=1;
  26   1         while(mode_flag==3)
  27   1           {
  28   2              sonic_start();xj_distance=juli();
  29   2             while(xj_distance<=20)  
  30   2              { 
  31   3                stop();sonic_start();xj_distance=juli();
  32   3              }
  33   2             if(correct_right==1&&correct_left==0)  //右外
  34   2             {
  35   3                back();Delay1ms(15);local_right();Delay1ms(60);
  36   3             }
  37   2              /*if(follow_right==1&&follow_left==0)  //右内
  38   2             {
  39   2                local_right();Delay1ms(70); 
  40   2             } */
  41   2             else if(correct_left==1&&correct_right==0)  //左外
  42   2             {
  43   3                back();Delay1ms(15);local_left();Delay1ms(60);
  44   3             }
  45   2             /*else if(follow_left==1&&follow_right==0)  //左内
  46   2             {
  47   2                local_left();Delay1ms(70);
  48   2             } */
  49   2             else 
  50   2             {
  51   3                go();Delay1ms(70);//前进降速
  52   3             }
  53   2            }
  54   1           stop(); follow_low=0;
C51 COMPILER V9.59.0.0   FOLLOW_LINE                                                       05/11/2020 19:43:19 PAGE 2   

  55   1      }


MODULE INFORMATION:   STATIC OVERLAYABLE
   CODE SIZE        =    106    ----
   CONSTANT SIZE    =   ----    ----
   XDATA SIZE       =   ----    ----
   PDATA SIZE       =   ----    ----
   DATA SIZE        =      2    ----
   IDATA SIZE       =   ----    ----
   BIT SIZE         =      1    ----
END OF MODULE INFORMATION.


C51 COMPILATION COMPLETE.  0 WARNING(S),  0 ERROR(S)
