C51 COMPILER V9.59.0.0   MAIN                                                              05/11/2020 19:43:19 PAGE 1   


C51 COMPILER V9.59.0.0, COMPILATION OF MODULE MAIN
OBJECT MODULE PLACED IN .\Objects\main.obj
COMPILER INVOKED BY: D:\keil\C51\BIN\C51.EXE main.c OPTIMIZE(8,SPEED) BROWSE DEBUG OBJECTEXTEND PRINT(.\Listings\main.ls
                    -t) OBJECT(.\Objects\main.obj)

line level    source

   1          #include <STC89C5xRC.H>
   2          #define uchar unsigned char
   3          #define uint unsigned int
   4          
   5          
   6          void obstacle_avoidance_mode();
   7          void blueteeth_mode();
   8          void follow_line();
   9          void key_int();
  10          
  11          uint mode_flag=1;
  12          void main()
  13          {
  14   1        key_int();
  15   1       while(1)
  16   1       {
  17   2         if(mode_flag==1)
  18   2         {
  19   3           blueteeth_mode();
  20   3         }
  21   2         else if(mode_flag==2)
  22   2         {
  23   3           obstacle_avoidance_mode();
  24   3         }
  25   2         else if(mode_flag==3)
  26   2         {
  27   3            follow_line();
  28   3         }
  29   2       }
  30   1      }
  31          


MODULE INFORMATION:   STATIC OVERLAYABLE
   CODE SIZE        =     42    ----
   CONSTANT SIZE    =   ----    ----
   XDATA SIZE       =   ----    ----
   PDATA SIZE       =   ----    ----
   DATA SIZE        =      2    ----
   IDATA SIZE       =   ----    ----
   BIT SIZE         =   ----    ----
END OF MODULE INFORMATION.


C51 COMPILATION COMPLETE.  0 WARNING(S),  0 ERROR(S)
