C51 COMPILER V9.59.0.0   MOVE                                                              05/11/2020 19:43:19 PAGE 1   


C51 COMPILER V9.59.0.0, COMPILATION OF MODULE MOVE
OBJECT MODULE PLACED IN .\Objects\move.obj
COMPILER INVOKED BY: D:\keil\C51\BIN\C51.EXE move.c OPTIMIZE(8,SPEED) BROWSE DEBUG OBJECTEXTEND PRINT(.\Listings\move.ls
                    -t) OBJECT(.\Objects\move.obj)

line level    source

   1          #include <STC89C5xRC.H>
   2          #define uint unsigned int
   3          
   4          sbit ENA=P3^6;  //左轮PWM调速
   5          sbit ENB=P3^7;  //右轮PWM调速
   6          sbit IN1=P1^4;
   7          sbit IN2=P1^5;
   8          sbit IN3=P1^6;
   9          sbit IN4=P1^7;  //IN1,IN2左轮，IN3，IN4右轮
  10          sbit SG_PWM=P2^4; //舵机PWM调速
  11          extern bit follow_low;
  12          extern bit obstacle_low;
  13          uint PWM_count_EN;
  14          extern PWM_count_sg;
  15          extern uint mode_flag;
  16          uint count_EN=0,count_sg=0;
  17          uint a=0;
  18          
  19          
  20          void Timer0_Init()
  21          {
  22   1        TMOD &= 0xF0;         //设置定时器模式
  23   1        TMOD |= 0x01;         //设置定时器模式，T0定时方式1
  24   1        TH0=0xFF;
  25   1        TL0=0xA4;       //计数初值设置为0.1ms
  26   1        ET0=1;          //打开定时器0的中断
  27   1        EA=1;           //开总中断
  28   1        TR0=0;
  29   1      }
  30          void Timer0() interrupt 1     //左右轮PWM定时器
  31          {  
  32   1         TH0=0xFF;
  33   1         TL0=0xA4;              
  34   1        if(count_EN<=PWM_count_EN)
  35   1        {
  36   2          ENA=1;ENB=1;
  37   2        }
  38   1        else
  39   1        {
  40   2          ENA=0;ENB=0;
  41   2        }
  42   1        count_EN++;
  43   1        if(count_EN>=200)
  44   1        {
  45   2          count_EN=0;
  46   2        }
  47   1      
  48   1      }
  49          void Timer2_Init()   
  50          {
  51   1          T2MOD =0;           //初始化模式寄存器
  52   1              T2CON =0;               //初始化控制寄存器
  53   1              TL2 = 0xA4;             //设置定时初值
  54   1              TH2 = 0xFF;             //设置定时初值
C51 COMPILER V9.59.0.0   MOVE                                                              05/11/2020 19:43:19 PAGE 2   

  55   1              RCAP2L = 0xA4;          //设置定时重载值
  56   1              RCAP2H = 0xFF;          //设置定时重载值
  57   1          EA=1;
  58   1          TR2=0;
  59   1          ET2=1;        //开定时器2中断
  60   1      }
  61          void Timer2() interrupt 5      //舵机PWM调角
  62          { 
  63   1         TF2=0;
  64   1         TR2=0;
  65   1         TL2 = 0xA4;          
  66   1         TH2 = 0xFF;                
  67   1        if(count_sg<=PWM_count_sg)
  68   1        {
  69   2            SG_PWM=1;
  70   2        }
  71   1        else
  72   1        {
  73   2            SG_PWM=0;
  74   2        }
  75   1        count_sg++;
  76   1        if(count_sg>=200)
  77   1        {
  78   2          count_sg=0;
  79   2          a++;
  80   2        }
  81   1        TR2=1;
  82   1      }
  83          void PWM_EN(uint k)
  84          {
  85   1        PWM_count_EN=k;
  86   1      }
  87          void PWM_sg(uint k)
  88          {
  89   1        PWM_count_sg=k;
  90   1      }
  91          void stop()
  92          {
  93   1         TR0=0;
  94   1         IN1=0;
  95   1         IN2=0;
  96   1         IN3=0;
  97   1         IN4=0;
  98   1         
  99   1      }
 100          void go()
 101          {
 102   1        if(obstacle_low) PWM_EN(85);  //避障降速或降速循迹
 103   1        else if(follow_low) PWM_EN(40);
 104   1        else  PWM_EN(150);
 105   1         TH0=0xFF;
 106   1         TL0=0xA4;
 107   1         TR0=1;  
 108   1         IN1=0;
 109   1         IN2=1;
 110   1         IN3=0;
 111   1         IN4=1;
 112   1      }
 113          
 114          void back()
 115          {
 116   1         PWM_EN(150);
C51 COMPILER V9.59.0.0   MOVE                                                              05/11/2020 19:43:19 PAGE 3   

 117   1         TH0=0xFF;
 118   1         TL0=0xA4;
 119   1         TR0=1;
 120   1         IN1=1;
 121   1         IN2=0;
 122   1         IN3=1;
 123   1         IN4=0;
 124   1      }
 125          
 126          void local_left()
 127          {
 128   1         PWM_EN(100);
 129   1         TH0=0xFF;
 130   1         TL0=0xA4;
 131   1         TR0=1;
 132   1         IN1=1;
 133   1         IN2=0;
 134   1         IN3=0;
 135   1         IN4=1;
 136   1         
 137   1      }
 138          
 139          void local_right()
 140          {
 141   1         PWM_EN(100);
 142   1         TH0=0xFF;
 143   1         TL0=0xA4;
 144   1         TR0=1;
 145   1         IN1=0;
 146   1         IN2=1;
 147   1         IN3=1;
 148   1         IN4=0; 
 149   1      }
 150          
 151          
 152          
 153          


MODULE INFORMATION:   STATIC OVERLAYABLE
   CODE SIZE        =    302    ----
   CONSTANT SIZE    =   ----    ----
   XDATA SIZE       =   ----    ----
   PDATA SIZE       =   ----    ----
   DATA SIZE        =      8    ----
   IDATA SIZE       =   ----    ----
   BIT SIZE         =   ----    ----
END OF MODULE INFORMATION.


C51 COMPILATION COMPLETE.  0 WARNING(S),  0 ERROR(S)
