C51 COMPILER V9.59.0.0   OBSTACLE_AVOIDANCE                                                05/11/2020 19:43:19 PAGE 1   


C51 COMPILER V9.59.0.0, COMPILATION OF MODULE OBSTACLE_AVOIDANCE
OBJECT MODULE PLACED IN .\Objects\Obstacle avoidance.obj
COMPILER INVOKED BY: D:\keil\C51\BIN\C51.EXE Obstacle avoidance.c OPTIMIZE(8,SPEED) BROWSE DEBUG OBJECTEXTEND PRINT(.\Li
                    -stings\Obstacle avoidance.lst) OBJECT(.\Objects\Obstacle avoidance.obj)

line level    source

   1          #include <STC89C5xRC.H>
   2          #define uint unsigned int
   3          
   4          void Timer0_Init();
   5          void Delay1ms(unsigned int k);
   6          void Timer1_Init();
   7          void Timer2_Init();     
   8          void sonic_start();
   9          int juli();
  10          void Steering_engine();
  11          void back();
  12          void stop();
  13          void go();
  14          void local_left();
  15          void local_right();
  16          
  17          uint PWM_count_sg=10;
  18          extern uint mode_flag;
  19          extern uint a; 
  20          bit obstacle_low=0;
  21          uint sonic_distance,distance_left,distance_right;
  22          
  23          void Steering_engine()
  24          {  
  25   1         while(1)
  26   1          {
  27   2            if(a==50)                         //50使电机转到指定角度并停止约1.5秒
  28   2            {
  29   3               PWM_count_sg=3;  //超声波舵机右偏（50-100）,现在在正前位
  30   3            }
  31   2            if(a==100)      
  32   2           {
  33   3               PWM_count_sg=16; //超声波舵机左偏（100-150），现在在右位
  34   3            TR2=0;sonic_start();distance_right=juli();a+=1;TR2=1;
  35   3            }
  36   2            if(a==150)
  37   2            {
  38   3               PWM_count_sg=10; //超声波舵机回正（0-50），现在在左位
  39   3               TR2=0;sonic_start();distance_left=juli();
  40   3               a=0;break;
  41   3            }
  42   2          }
  43   1      }
  44          
  45          void obstacle_avoidance_mode()
  46          {
  47   1         Timer0_Init();
  48   1         Timer1_Init();
  49   1         Timer2_Init();
  50   1         obstacle_low=1;
  51   1         TR2=1;while(a<=50);TR2=0;a=0;  //初始舵机回正
  52   1        while(mode_flag==2)
  53   1         {  
  54   2           sonic_start();sonic_distance=juli();
C51 COMPILER V9.59.0.0   OBSTACLE_AVOIDANCE                                                05/11/2020 19:43:19 PAGE 2   

  55   2           if(sonic_distance<=30)
  56   2           {
  57   3           stop();
  58   3           TR2=1;  //打开舵机
  59   3           Steering_engine();
  60   3           TR2=1;while(a<=50);a=0;  //结束舵机回正
  61   3           TR2=0;   //关闭舵机
  62   3           if(distance_right>distance_left&&distance_right>30){
  63   4             local_right();Delay1ms(330);stop();}
  64   3           else if(distance_left>distance_right&&distance_left>30){
  65   4             local_left();Delay1ms(340);stop();}
  66   3           else{
  67   4             back();Delay1ms(260);local_right();Delay1ms(100);stop();}
  68   3           }
  69   2           else
  70   2            go();
  71   2          }
  72   1          obstacle_low=0;
  73   1      }


MODULE INFORMATION:   STATIC OVERLAYABLE
   CODE SIZE        =    265    ----
   CONSTANT SIZE    =   ----    ----
   XDATA SIZE       =   ----    ----
   PDATA SIZE       =   ----    ----
   DATA SIZE        =      8    ----
   IDATA SIZE       =   ----    ----
   BIT SIZE         =      1    ----
END OF MODULE INFORMATION.


C51 COMPILATION COMPLETE.  0 WARNING(S),  0 ERROR(S)
