C51 COMPILER V9.59.0.0   SUPERSONIC                                                        05/11/2020 19:43:19 PAGE 1   


C51 COMPILER V9.59.0.0, COMPILATION OF MODULE SUPERSONIC
OBJECT MODULE PLACED IN .\Objects\supersonic.obj
COMPILER INVOKED BY: D:\keil\C51\BIN\C51.EXE supersonic.c OPTIMIZE(8,SPEED) BROWSE DEBUG OBJECTEXTEND PRINT(.\Listings\s
                    -upersonic.lst) OBJECT(.\Objects\supersonic.obj)

line level    source

   1          #include <STC89C5xRC.H>
   2          #define uint unsigned int
   3          void Delay1ms(unsigned int k);
   4          void Delay20us();
   5          
   6          uint time;
   7          uint distance;
   8          sbit trig=P0^0;
   9          sbit echo=P0^1;
  10          void sonic_start()
  11          {
  12   1         trig=1;Delay20us();
  13   1         trig=0;
  14   1      }
  15          
  16          void Timer1_Init()
  17          {
  18   1         EA=1;
  19   1         ET1=1;
  20   1         TH1=0;
  21   1         TL1=0;
  22   1         TMOD &= 0x0F;                //设置定时器模式
  23   1         TMOD |= 0x10;                //设置定时器模式
  24   1         TR1=0;
  25   1      }
  26          int juli()
  27          {
  28   1         while(!echo);
  29   1          TR1=1;
  30   1         while(echo);
  31   1          TR1=0;
  32   1        time=TH1*256+TL1;
  33   1        distance=time*1.7/100; //cm(可行)，dm和mm都不可行
  34   1        TH1=0;TL1=0;    //计时完对计数器置0，免得下一次测量结果为上次和本次相加（很重要！）
  35   1        
  36   1        return distance;
  37   1      }


MODULE INFORMATION:   STATIC OVERLAYABLE
   CODE SIZE        =     97    ----
   CONSTANT SIZE    =   ----    ----
   XDATA SIZE       =   ----    ----
   PDATA SIZE       =   ----    ----
   DATA SIZE        =      4    ----
   IDATA SIZE       =   ----    ----
   BIT SIZE         =   ----    ----
END OF MODULE INFORMATION.


C51 COMPILATION COMPLETE.  0 WARNING(S),  0 ERROR(S)
